<?xml version="1.0" encoding="UTF-8"?>
<!-- Generated by org.testng.reporters.JUnitXMLReporter -->
<testsuite ignored="4" hostname="LAPTOP-TKKFS00K" failures="0" tests="3" name="Regression Test" time="222.262" errors="0" timestamp="2020-06-04T22:33:31 EDT">
  <testcase classname="Day14_05312020.ActionItem_3_weightwatch_TestNG_Abstract" name="weightWatch" time="45.707"/>
  <testcase classname="Day14_05312020.ActionItem_4_Metlife_TestNG_Abstract" name="Met" time="143.038"/>
  <testcase classname="Day14_05312020.Excel_Google_Search_TestNG_Abstract" name="Google" time="33.466"/>
  <testcase classname="Reusable_class.Abstract_class" name="@BeforeSuite defineDriver" time="0.0">
    <ignored/>
  </testcase> <!-- @BeforeSuite defineDriver -->
  <testcase classname="Reusable_class.Abstract_class" name="@BeforeSuite defineDriver" time="0.0">
    <ignored/>
  </testcase> <!-- @BeforeSuite defineDriver -->
  <testcase classname="Reusable_class.Abstract_class" name="@AfterSuite closeInfo" time="0.0">
    <ignored/>
  </testcase> <!-- @AfterSuite closeInfo -->
  <testcase classname="Reusable_class.Abstract_class" name="@AfterSuite closeInfo" time="0.0">
    <ignored/>
  </testcase> <!-- @AfterSuite closeInfo -->
</testsuite> <!-- Regression Test -->
